TN:
SF:src/index.js
FN:36,(anonymous_0)
FN:55,startServer
FN:64,(anonymous_2)
FN:74,(anonymous_3)
FN:81,(anonymous_4)
FNF:5
FNH:0
FNDA:0,(anonymous_0)
FNDA:0,startServer
FNDA:0,(anonymous_2)
FNDA:0,(anonymous_3)
FNDA:0,(anonymous_4)
DA:14,2
DA:17,2
DA:18,2
DA:24,2
DA:29,2
DA:32,2
DA:33,2
DA:36,2
DA:37,0
DA:45,2
DA:46,2
DA:49,2
DA:50,2
DA:53,2
DA:56,0
DA:58,0
DA:59,0
DA:60,0
DA:62,0
DA:64,0
DA:65,0
DA:68,0
DA:69,0
DA:74,2
DA:75,0
DA:77,0
DA:81,2
DA:82,0
DA:83,0
DA:90,2
DA:91,0
LF:31
LH:16
BRDA:19,0,0,2
BRDA:19,0,1,0
BRDA:53,1,0,2
BRDA:53,1,1,0
BRDA:59,2,0,0
BRDA:59,2,1,0
BRDA:90,3,0,0
BRDA:90,3,1,2
BRF:8
BRH:3
end_of_record
TN:
SF:src/config/database.js
FN:25,(anonymous_0)
FN:31,(anonymous_1)
FN:35,(anonymous_2)
FN:41,query
FN:68,transaction
FN:84,healthCheck
FN:106,close
FNF:7
FNH:1
FNDA:0,(anonymous_0)
FNDA:0,(anonymous_1)
FNDA:0,(anonymous_2)
FNDA:4,query
FNDA:0,transaction
FNDA:0,healthCheck
FNDA:0,close
DA:3,2
DA:7,2
DA:22,2
DA:25,2
DA:26,0
DA:30,2
DA:31,0
DA:32,0
DA:35,0
DA:36,0
DA:42,4
DA:43,4
DA:44,4
DA:45,0
DA:48,0
DA:49,0
DA:56,0
DA:58,4
DA:63,4
DA:69,0
DA:70,0
DA:71,0
DA:72,0
DA:73,0
DA:74,0
DA:76,0
DA:77,0
DA:79,0
DA:85,0
DA:86,0
DA:87,0
DA:97,0
DA:98,0
DA:107,0
DA:108,0
DA:109,0
DA:110,0
DA:112,0
DA:113,0
LF:39
LH:10
BRDA:8,0,0,2
BRDA:8,0,1,0
BRDA:9,1,0,2
BRDA:9,1,1,0
BRDA:10,2,0,2
BRDA:10,2,1,0
BRDA:11,3,0,2
BRDA:11,3,1,0
BRDA:12,4,0,2
BRDA:12,4,1,0
BRDA:14,5,0,2
BRDA:14,5,1,0
BRDA:17,6,0,0
BRDA:17,6,1,2
BRDA:30,7,0,0
BRDA:30,7,1,2
BRDA:48,8,0,0
BRDA:48,8,1,0
BRF:18
BRH:8
end_of_record
TN:
SF:src/middleware/auth.js
FN:12,(anonymous_0)
FN:23,(anonymous_1)
FN:42,(anonymous_2)
FN:42,(anonymous_3)
FN:83,(anonymous_4)
FN:83,(anonymous_5)
FN:96,(anonymous_6)
FNF:7
FNH:1
FNDA:0,(anonymous_0)
FNDA:0,(anonymous_1)
FNDA:6,(anonymous_2)
FNDA:0,(anonymous_3)
FNDA:0,(anonymous_4)
FNDA:0,(anonymous_5)
FNDA:0,(anonymous_6)
DA:6,2
DA:12,2
DA:13,0
DA:15,0
DA:16,0
DA:19,0
DA:23,2
DA:24,0
DA:25,0
DA:29,0
DA:31,0
DA:32,0
DA:34,0
DA:35,0
DA:37,0
DA:42,6
DA:43,0
DA:44,0
DA:46,0
DA:47,0
DA:51,0
DA:54,0
DA:55,0
DA:59,0
DA:66,0
DA:71,0
DA:73,0
DA:74,0
DA:76,0
DA:77,0
DA:83,2
DA:84,0
DA:85,0
DA:88,0
DA:89,0
DA:92,0
DA:96,2
DA:97,0
DA:98,0
DA:100,0
DA:101,0
DA:104,0
DA:107,0
DA:112,0
DA:114,0
DA:115,0
DA:117,0
DA:118,0
LF:48
LH:6
BRDA:15,0,0,0
BRDA:15,0,1,0
BRDA:23,1,0,0
BRDA:25,2,0,0
BRDA:25,2,1,0
BRDA:31,3,0,0
BRDA:31,3,1,0
BRDA:34,4,0,0
BRDA:34,4,1,0
BRDA:42,5,0,6
BRDA:46,6,0,0
BRDA:46,6,1,0
BRDA:54,7,0,0
BRDA:54,7,1,0
BRDA:54,8,0,0
BRDA:54,8,1,0
BRDA:73,9,0,0
BRDA:73,9,1,0
BRDA:84,10,0,0
BRDA:84,10,1,0
BRDA:88,11,0,0
BRDA:88,11,1,0
BRDA:100,12,0,0
BRDA:100,12,1,0
BRDA:114,13,0,0
BRDA:114,13,1,0
BRF:26
BRH:1
end_of_record
TN:
SF:src/middleware/errorMiddleware.js
FN:4,(anonymous_0)
FN:13,(anonymous_1)
FN:18,(anonymous_2)
FNF:3
FNH:0
FNDA:0,(anonymous_0)
FNDA:0,(anonymous_1)
FNDA:0,(anonymous_2)
DA:5,0
DA:6,0
DA:7,0
DA:8,0
DA:9,0
DA:13,2
DA:14,0
DA:15,0
DA:18,2
DA:19,0
DA:20,0
DA:22,0
DA:23,0
DA:31,0
LF:14
LH:2
BRDA:7,0,0,0
BRDA:7,0,1,0
BRDA:19,1,0,0
BRDA:19,1,1,0
BRDA:20,2,0,0
BRDA:20,2,1,0
BRDA:22,3,0,0
BRDA:22,3,1,0
BRDA:34,4,0,0
BRDA:34,4,1,0
BRF:10
BRH:0
end_of_record
TN:
SF:src/routes/auth.js
FN:25,(anonymous_0)
FN:34,(anonymous_1)
FN:54,(anonymous_2)
FN:58,(anonymous_3)
FN:107,(anonymous_4)
FN:149,(anonymous_5)
FN:173,(anonymous_6)
FN:187,(anonymous_7)
FN:201,(anonymous_8)
FNF:9
FNH:0
FNDA:0,(anonymous_0)
FNDA:0,(anonymous_1)
FNDA:0,(anonymous_2)
FNDA:0,(anonymous_3)
FNDA:0,(anonymous_4)
FNDA:0,(anonymous_5)
FNDA:0,(anonymous_6)
FNDA:0,(anonymous_7)
FNDA:0,(anonymous_8)
DA:2,2
DA:12,2
DA:20,2
DA:25,2
DA:26,0
DA:27,0
DA:28,0
DA:30,0
DA:34,2
DA:35,0
DA:41,0
DA:47,0
DA:51,2
DA:55,0
DA:56,0
DA:58,0
DA:60,0
DA:65,0
DA:66,0
DA:70,0
DA:71,0
DA:74,0
DA:80,0
DA:83,0
DA:88,0
DA:98,0
DA:104,2
DA:108,0
DA:109,0
DA:111,0
DA:116,0
DA:117,0
DA:120,0
DA:121,0
DA:122,0
DA:125,0
DA:128,0
DA:133,0
DA:143,0
DA:149,2
DA:150,0
DA:151,0
DA:153,0
DA:158,0
DA:161,0
DA:166,0
DA:168,0
DA:173,2
DA:174,0
DA:175,0
DA:180,0
DA:182,0
DA:187,2
DA:188,0
DA:189,0
DA:194,0
DA:196,0
DA:201,2
DA:202,0
LF:59
LH:11
BRDA:27,0,0,0
BRDA:27,0,1,0
BRDA:34,1,0,0
BRDA:65,2,0,0
BRDA:65,2,1,0
BRDA:116,3,0,0
BRDA:116,3,1,0
BRDA:121,4,0,0
BRDA:121,4,1,0
BRF:9
BRH:0
end_of_record
TN:
SF:src/routes/tasks.js
FN:16,(anonymous_0)
FN:35,(anonymous_1)
FN:114,(anonymous_2)
FN:136,(anonymous_3)
FN:139,(anonymous_4)
FN:144,(anonymous_5)
FN:156,(anonymous_6)
FN:182,(anonymous_7)
FN:209,(anonymous_8)
FN:235,(anonymous_9)
FN:239,(anonymous_10)
FNF:11
FNH:1
FNDA:0,(anonymous_0)
FNDA:0,(anonymous_1)
FNDA:0,(anonymous_2)
FNDA:8,(anonymous_3)
FNDA:0,(anonymous_4)
FNDA:0,(anonymous_5)
FNDA:0,(anonymous_6)
FNDA:0,(anonymous_7)
FNDA:0,(anonymous_8)
FNDA:0,(anonymous_9)
FNDA:0,(anonymous_10)
DA:3,2
DA:9,2
DA:16,2
DA:17,0
DA:18,0
DA:19,0
DA:21,0
DA:25,2
DA:36,0
DA:44,0
DA:46,0
DA:47,0
DA:48,0
DA:50,0
DA:51,0
DA:52,0
DA:55,0
DA:56,0
DA:57,0
DA:60,0
DA:61,0
DA:62,0
DA:65,0
DA:66,0
DA:67,0
DA:70,0
DA:73,0
DA:79,0
DA:82,0
DA:90,0
DA:95,0
DA:105,0
DA:111,2
DA:115,0
DA:116,0
DA:118,0
DA:125,0
DA:127,0
DA:133,2
DA:136,8
DA:140,0
DA:141,0
DA:142,0
DA:144,0
DA:146,0
DA:151,0
DA:152,0
DA:155,0
DA:156,0
DA:159,0
DA:167,0
DA:168,0
DA:170,0
DA:173,0
DA:179,2
DA:183,0
DA:184,0
DA:186,0
DA:191,0
DA:192,0
DA:195,0
DA:197,0
DA:203,2
DA:210,0
DA:211,0
DA:213,0
DA:222,0
DA:224,0
DA:230,2
DA:236,0
DA:237,0
DA:239,0
DA:240,0
DA:241,0
DA:248,0
DA:250,0
LF:76
LH:10
BRDA:18,0,0,0
BRDA:18,0,1,0
BRDA:42,1,0,0
BRDA:43,2,0,0
BRDA:50,3,0,0
BRDA:50,3,1,0
BRDA:55,4,0,0
BRDA:55,4,1,0
BRDA:60,5,0,0
BRDA:60,5,1,0
BRDA:65,6,0,0
BRDA:65,6,1,0
BRDA:116,7,0,0
BRDA:116,8,0,0
BRDA:151,9,0,0
BRDA:151,9,1,0
BRDA:191,10,0,0
BRDA:191,10,1,0
BRF:18
BRH:0
end_of_record
TN:
SF:src/utils/logger.js
FN:20,(anonymous_0)
FNF:1
FNH:1
FNDA:4,(anonymous_0)
DA:3,2
DA:21,4
DA:22,0
DA:24,4
DA:33,2
DA:34,2
LF:6
LH:5
BRDA:4,0,0,0
BRDA:4,0,1,2
BRDA:21,1,0,0
BRDA:21,1,1,4
BRDA:33,2,0,2
BRDA:33,2,1,0
BRF:6
BRH:3
end_of_record
